#
# A fatal error has been detected by the Java Runtime Environment:
#
#  EXCEPTION_ACCESS_VIOLATION (0xc0000005) at pc=0x000007fef6c1d42e, pid=6784, tid=6324
#
# JRE version: Java(TM) SE Runtime Environment (8.0_51-b16) (build 1.8.0_51-b16)
# Java VM: Java HotSpot(TM) 64-Bit Server VM (25.51-b03 mixed mode windows-amd64 compressed oops)
# Problematic frame:
# C  [GOOGLEPINYIN2.IME+0xad42e]
#
# Failed to write core dump. Minidumps are not enabled by default on client versions of Windows
#
# If you would like to submit a bug report, please visit:
#   http://bugreport.java.com/bugreport/crash.jsp
# The crash happened outside the Java Virtual Machine in native code.
# See problematic frame for where to report the bug.
#

---------------  T H R E A D  ---------------

Current thread (0x000000001e0ba800):  JavaThread "AWT-Windows" daemon [_thread_in_native, id=6324, stack(0x000000001db10000,0x000000001dc10000)]

siginfo: ExceptionCode=0xc0000005, reading address 0x0000000000000008

Registers:
RAX=0x0000000000000000, RBX=0x00000000249b43d0, RCX=0x0000000000000000, RDX=0x0000000000000002
RSP=0x000000001dc0eca0, RBP=0x0000000000000111, RSI=0x0000000000000001, RDI=0x0000000000000002
R8 =0x0000000000000002, R9 =0x0000000000150f98, R10=0x00000000249b43d0, R11=0x000000000096f890
R12=0x0000000000150f98, R13=0x0000000000000111, R14=0x0000000000000000, R15=0x0000000000150f98
RIP=0x000007fef6c1d42e, EFLAGS=0x0000000000010246

Top of Stack: (sp=0x000000001dc0eca0)
0x000000001dc0eca0:   0000000000150f98 0000000076c096df
0x000000001dc0ecb0:   00000000ffffffeb 0000000000000002
0x000000001dc0ecc0:   000000000096f890 0000000200000030
0x000000001dc0ecd0:   0000000000150f98 000007fef6c1db72
0x000000001dc0ece0:   00000000249b2a40 0000000000000002
0x000000001dc0ecf0:   000000001dc0ed70 000000000098e3c0
0x000000001dc0ed00:   000000001dc0ed10 0000000000000000
0x000000001dc0ed10:   0000000000000000 0000000000000000
0x000000001dc0ed20:   0000000000000000 0000000076c09bd1
0x000000001dc0ed30:   0000000000000111 0000000000150f98
0x000000001dc0ed40:   0000000000000001 0000000000000000
0x000000001dc0ed50:   0000000000000000 00000000000002b1
0x000000001dc0ed60:   0000000000000001 0000000000000000
0x000000001dc0ed70:   0000000000000000 000000000000001f
0x000000001dc0ed80:   0000000000000048 0000000000000001
0x000000001dc0ed90:   0000000000000000 0000000000000000 

Instructions: (pc=0x000007fef6c1d42e)
0x000007fef6c1d40e:   00 00 00 49 8b c0 be 01 00 00 00 48 c1 e8 10 66
0x000007fef6c1d41e:   85 c0 75 48 48 8b 59 08 41 0f b7 d0 48 8b 4b 70
0x000007fef6c1d42e:   48 8b 49 08 e8 79 b9 ff ff 48 85 c0 74 26 48 8b
0x000007fef6c1d43e:   48 28 48 85 c9 74 1d 48 83 78 18 10 72 03 48 8b 


Register to memory mapping:

RAX=0x0000000000000000 is an unknown value
RBX=0x00000000249b43d0 is an unknown value
RCX=0x0000000000000000 is an unknown value
RDX=0x0000000000000002 is an unknown value
RSP=0x000000001dc0eca0 is pointing into the stack for thread: 0x000000001e0ba800
RBP=0x0000000000000111 is an unknown value
RSI=0x0000000000000001 is an unknown value
RDI=0x0000000000000002 is an unknown value
R8 =0x0000000000000002 is an unknown value
R9 =0x0000000000150f98 is an unknown value
R10=0x00000000249b43d0 is an unknown value
R11=0x000000000096f890 is an unknown value
R12=0x0000000000150f98 is an unknown value
R13=0x0000000000000111 is an unknown value
R14=0x0000000000000000 is an unknown value
R15=0x0000000000150f98 is an unknown value


Stack: [0x000000001db10000,0x000000001dc10000],  sp=0x000000001dc0eca0,  free space=1019k
Native frames: (J=compiled Java code, j=interpreted, Vv=VM code, C=native code)
C  [GOOGLEPINYIN2.IME+0xad42e]
C  [GOOGLEPINYIN2.IME+0xadb72]
C  [USER32.dll+0x19bd1]
C  [USER32.dll+0x16aa8]
C  [USER32.dll+0x16bad]
C  [awt.dll+0xcbc43]
C  [USER32.dll+0x15d03]
C  [USER32.dll+0xce78]
C  [awt.dll+0xcbccc]
C  [awt.dll+0xcd516]
C  [USER32.dll+0x19bd1]
C  [USER32.dll+0x172cb]
C  [USER32.dll+0x16829]
C  0x000000000007b4f6

Java frames: (J=compiled Java code, j=interpreted, Vv=VM code)
j  sun.awt.windows.WToolkit.eventLoop()V+0
j  sun.awt.windows.WToolkit.run()V+58
j  java.lang.Thread.run()V+11
v  ~StubRoutines::call_stub

---------------  P R O C E S S  ---------------

Java Threads: ( => current thread )
  0x000000001e1db800 JavaThread "Thread-0" daemon [_thread_in_native, id=5732, stack(0x0000000027320000,0x0000000027420000)]
  0x000000001e1d0800 JavaThread "Thread-3" [_thread_blocked, id=5288, stack(0x0000000026cf0000,0x0000000026df0000)]
  0x000000001e1f7000 JavaThread "AWT-EventQueue-1" [_thread_blocked, id=6888, stack(0x0000000020cf0000,0x0000000020df0000)]
  0x000000001e168800 JavaThread "TimerQueue" daemon [_thread_blocked, id=1472, stack(0x0000000020800000,0x0000000020900000)]
  0x000000000240f000 JavaThread "DestroyJavaVM" [_thread_blocked, id=6772, stack(0x0000000002560000,0x0000000002660000)]
  0x000000001e124800 JavaThread "AWT-EventQueue-0" [_thread_blocked, id=5908, stack(0x0000000020660000,0x0000000020760000)]
=>0x000000001e0ba800 JavaThread "AWT-Windows" daemon [_thread_in_native, id=6324, stack(0x000000001db10000,0x000000001dc10000)]
  0x000000001e0ba000 JavaThread "AWT-Shutdown" [_thread_blocked, id=5440, stack(0x000000001eaa0000,0x000000001eba0000)]
  0x000000001e0b6800 JavaThread "Java2D Disposer" daemon [_thread_blocked, id=1212, stack(0x000000001e930000,0x000000001ea30000)]
  0x000000001d37c000 JavaThread "Service Thread" daemon [_thread_blocked, id=5160, stack(0x000000001de40000,0x000000001df40000)]
  0x000000001d2ee800 JavaThread "C1 CompilerThread2" daemon [_thread_blocked, id=6564, stack(0x000000001cd70000,0x000000001ce70000)]
  0x000000001d2e9800 JavaThread "C2 CompilerThread1" daemon [_thread_blocked, id=1312, stack(0x000000001dc20000,0x000000001dd20000)]
  0x000000001d2da800 JavaThread "C2 CompilerThread0" daemon [_thread_blocked, id=6944, stack(0x000000001da10000,0x000000001db10000)]
  0x000000001d2d9000 JavaThread "Attach Listener" daemon [_thread_blocked, id=6060, stack(0x000000001d820000,0x000000001d920000)]
  0x000000001d2d8800 JavaThread "Signal Dispatcher" daemon [_thread_blocked, id=6044, stack(0x000000001d720000,0x000000001d820000)]
  0x000000001be16800 JavaThread "Finalizer" daemon [_thread_blocked, id=6284, stack(0x000000001d1d0000,0x000000001d2d0000)]
  0x000000001be0f800 JavaThread "Reference Handler" daemon [_thread_blocked, id=5572, stack(0x000000001d040000,0x000000001d140000)]

Other Threads:
  0x000000001be0a000 VMThread [stack: 0x000000001ced0000,0x000000001cfd0000] [id=5956]
  0x000000001d37e800 WatcherThread [stack: 0x000000001dfb0000,0x000000001e0b0000] [id=4140]

VM state:not at safepoint (normal execution)

VM Mutex/Monitor currently owned by a thread: None

Heap:
 PSYoungGen      total 76288K, used 23594K [0x000000076b200000, 0x0000000770700000, 0x00000007c0000000)
  eden space 65536K, 36% used [0x000000076b200000,0x000000076c90ab70,0x000000076f200000)
  from space 10752K, 0% used [0x000000076fc80000,0x000000076fc80000,0x0000000770700000)
  to   space 10752K, 0% used [0x000000076f200000,0x000000076f200000,0x000000076fc80000)
 ParOldGen       total 175104K, used 0K [0x00000006c1600000, 0x00000006cc100000, 0x000000076b200000)
  object space 175104K, 0% used [0x00000006c1600000,0x00000006c1600000,0x00000006cc100000)
 Metaspace       used 9782K, capacity 9944K, committed 10368K, reserved 1058816K
  class space    used 1207K, capacity 1286K, committed 1408K, reserved 1048576K

Card table byte_map: [0x0000000011a20000,0x0000000012220000] byte_map_base: 0x000000000e415000

Marking Bits: (ParMarkBitMap*) 0x0000000062364040
 Begin Bits: [0x0000000012d30000, 0x0000000016cd8000)
 End Bits:   [0x0000000016cd8000, 0x000000001ac80000)

Polling page: 0x0000000000350000

CodeCache: size=245760Kb used=2158Kb max_used=2158Kb free=243601Kb
 bounds [0x0000000002660000, 0x00000000028d0000, 0x0000000011660000]
 total_blobs=965 nmethods=510 adapters=368
 compilation: enabled

Compilation events (10 events):
Event: 3.231 Thread 0x000000001d2ee800  505       1       java.awt.Component::isEnabledImpl (5 bytes)
Event: 3.232 Thread 0x000000001d2ee800 nmethod 505 0x000000000287a1d0 code [0x000000000287a320, 0x000000000287a430]
Event: 3.248 Thread 0x000000001d2ee800  506       3       java.awt.AWTEvent::<init> (81 bytes)
Event: 3.250 Thread 0x000000001d2ee800 nmethod 506 0x000000000287a490 code [0x000000000287a640, 0x000000000287ac88]
Event: 3.250 Thread 0x000000001d2ee800  508       3       java.nio.ByteBuffer::array (35 bytes)
Event: 3.250 Thread 0x000000001d2ee800 nmethod 508 0x000000000287af90 code [0x000000000287b120, 0x000000000287b438]
Event: 3.250 Thread 0x000000001d2ee800  507       3       sun.java2d.pipe.RenderQueue::ensureCapacity (16 bytes)
Event: 3.251 Thread 0x000000001d2ee800 nmethod 507 0x000000000287b590 code [0x000000000287b700, 0x000000000287ba48]
Event: 3.253 Thread 0x000000001d2ee800  509       3       java.util.ArrayList$Itr::hasNext (20 bytes)
Event: 3.253 Thread 0x000000001d2ee800 nmethod 509 0x000000000287bb50 code [0x000000000287bcc0, 0x000000000287be90]

GC Heap History (0 events):
No events

Deoptimization events (3 events):
Event: 1.032 Thread 0x000000001e15f000 Uncommon trap: reason=unstable_if action=reinterpret pc=0x00000000027cddd0 method=java.lang.String.startsWith(Ljava/lang/String;I)Z @ 25
Event: 1.061 Thread 0x000000001e15f000 Uncommon trap: reason=unstable_if action=reinterpret pc=0x00000000027a347c method=java.lang.AbstractStringBuilder.append(Ljava/lang/String;)Ljava/lang/AbstractStringBuilder; @ 1
Event: 1.062 Thread 0x000000001e15f000 Uncommon trap: reason=unstable_if action=reinterpret pc=0x00000000027a5eec method=java.lang.AbstractStringBuilder.append(Ljava/lang/String;)Ljava/lang/AbstractStringBuilder; @ 1

Internal exceptions (10 events):
Event: 0.128 Thread 0x000000000240f000 Exception <a 'java/security/PrivilegedActionException'> (0x000000076b2ba780) thrown at [C:\re\workspace\8-2-build-windows-amd64-cygwin\jdk8u51\3951\hotspot\src\share\vm\prims\jvm.cpp, line 1382]
Event: 0.141 Thread 0x000000000240f000 Exception <a 'java/io/FileNotFoundException'> (0x000000076b2ce1e0) thrown at [C:\re\workspace\8-2-build-windows-amd64-cygwin\jdk8u51\3951\hotspot\src\share\vm\prims\jni.cpp, line 709]
Event: 0.241 Thread 0x000000000240f000 Exception <a 'java/io/FileNotFoundException'> (0x000000076b3260e8) thrown at [C:\re\workspace\8-2-build-windows-amd64-cygwin\jdk8u51\3951\hotspot\src\share\vm\prims\jni.cpp, line 709]
Event: 0.279 Thread 0x000000000240f000 Exception <a 'java/lang/NoSuchFieldError': method resolution failed> (0x000000076b747078) thrown at [C:\re\workspace\8-2-build-windows-amd64-cygwin\jdk8u51\3951\hotspot\src\share\vm\prims\methodHandles.cpp, line 1125]
Event: 0.280 Thread 0x000000000240f000 Exception <a 'java/lang/NoSuchFieldError': method resolution failed> (0x000000076b755a58) thrown at [C:\re\workspace\8-2-build-windows-amd64-cygwin\jdk8u51\3951\hotspot\src\share\vm\prims\methodHandles.cpp, line 1125]
Event: 0.416 Thread 0x000000000240f000 Exception <a 'java/io/FileNotFoundException'> (0x000000076b819dd8) thrown at [C:\re\workspace\8-2-build-windows-amd64-cygwin\jdk8u51\3951\hotspot\src\share\vm\prims\jni.cpp, line 709]
Event: 0.594 Thread 0x000000000240f000 Exception <a 'java/io/FileNotFoundException'> (0x000000076b84ea98) thrown at [C:\re\workspace\8-2-build-windows-amd64-cygwin\jdk8u51\3951\hotspot\src\share\vm\prims\jni.cpp, line 709]
Event: 0.594 Thread 0x000000000240f000 Exception <a 'java/lang/NullPointerException'> (0x000000076b84f020) thrown at [C:\re\workspace\8-2-build-windows-amd64-cygwin\jdk8u51\3951\hotspot\src\share\vm\interpreter\linkResolver.cpp, line 1178]
Event: 1.061 Thread 0x000000001e15f000 Implicit null exception at 0x00000000027a3116 to 0x00000000027a3465
Event: 1.062 Thread 0x000000001e15f000 Implicit null exception at 0x00000000027a5b96 to 0x00000000027a5ed5

Events (10 events):
Event: 3.250 loading class sun/applet/AppletPanel$5 done
Event: 3.253 Thread 0x000000001e116800 Thread exited: 0x000000001e116800
Event: 3.253 loading class java/lang/IllegalThreadStateException
Event: 3.253 loading class java/lang/IllegalThreadStateException done
Event: 3.254 loading class java/awt/Window$1DisposeAction
Event: 3.254 loading class java/awt/Window$1DisposeAction done
Event: 3.276 Thread 0x000000001e116800 Thread added: 0x000000001e116800
Event: 3.276 Thread 0x000000001e1db800 Thread added: 0x000000001e1db800
Event: 3.276 Thread 0x000000001e116800 Thread exited: 0x000000001e116800
Event: 3.276 Thread 0x000000001e152800 Thread exited: 0x000000001e152800


Dynamic libraries:
0x000000013f770000 - 0x000000013f7a7000 	C:\Program Files\Java\jdk1.8.0_51\bin\javaw.exe
0x0000000076e10000 - 0x0000000076fb9000 	C:\Windows\SYSTEM32\ntdll.dll
0x0000000076cf0000 - 0x0000000076e0f000 	C:\Windows\system32\kernel32.dll
0x000007fefce40000 - 0x000007fefceab000 	C:\Windows\system32\KERNELBASE.dll
0x000007fefd220000 - 0x000007fefd2fb000 	C:\Windows\system32\ADVAPI32.dll
0x000007fefde50000 - 0x000007fefdeef000 	C:\Windows\system32\msvcrt.dll
0x000007feff100000 - 0x000007feff11f000 	C:\Windows\SYSTEM32\sechost.dll
0x000007fefda50000 - 0x000007fefdb7d000 	C:\Windows\system32\RPCRT4.dll
0x0000000076bf0000 - 0x0000000076cea000 	C:\Windows\system32\USER32.dll
0x000007fefd6e0000 - 0x000007fefd747000 	C:\Windows\system32\GDI32.dll
0x000007fefef10000 - 0x000007fefef1e000 	C:\Windows\system32\LPK.dll
0x000007fefd480000 - 0x000007fefd549000 	C:\Windows\system32\USP10.dll
0x000007fefb320000 - 0x000007fefb514000 	C:\Windows\WinSxS\amd64_microsoft.windows.common-controls_6595b64144ccf1df_6.0.7601.17514_none_fa396087175ac9ac\COMCTL32.dll
0x000007fefee90000 - 0x000007fefef01000 	C:\Windows\system32\SHLWAPI.dll
0x000007fefda20000 - 0x000007fefda4e000 	C:\Windows\system32\IMM32.DLL
0x000007fefd5d0000 - 0x000007fefd6d9000 	C:\Windows\system32\MSCTF.dll
0x000000005c450000 - 0x000000005c522000 	C:\Program Files\Java\jdk1.8.0_51\jre\bin\msvcr100.dll
0x0000000061b60000 - 0x00000000623e3000 	C:\Program Files\Java\jdk1.8.0_51\jre\bin\server\jvm.dll
0x000007fefb710000 - 0x000007fefb719000 	C:\Windows\system32\WSOCK32.dll
0x000007fefef20000 - 0x000007fefef6d000 	C:\Windows\system32\WS2_32.dll
0x000007fefd170000 - 0x000007fefd178000 	C:\Windows\system32\NSI.dll
0x000007fefa920000 - 0x000007fefa95b000 	C:\Windows\system32\WINMM.dll
0x000007fefbca0000 - 0x000007fefbcac000 	C:\Windows\system32\VERSION.dll
0x0000000076fd0000 - 0x0000000076fd7000 	C:\Windows\system32\PSAPI.DLL
0x0000000061a70000 - 0x0000000061a7f000 	C:\Program Files\Java\jdk1.8.0_51\jre\bin\verify.dll
0x0000000061a40000 - 0x0000000061a69000 	C:\Program Files\Java\jdk1.8.0_51\jre\bin\java.dll
0x0000000061a20000 - 0x0000000061a36000 	C:\Program Files\Java\jdk1.8.0_51\jre\bin\zip.dll
0x000007fefe100000 - 0x000007fefee88000 	C:\Windows\system32\SHELL32.dll
0x000007fefdef0000 - 0x000007fefe0f3000 	C:\Windows\system32\ole32.dll
0x000007fefcbe0000 - 0x000007fefcbef000 	C:\Windows\system32\profapi.dll
0x000000005cfb0000 - 0x000000005d148000 	C:\Program Files\Java\jdk1.8.0_51\jre\bin\awt.dll
0x000007fefd3a0000 - 0x000007fefd477000 	C:\Windows\system32\OLEAUT32.dll
0x000007fefaef0000 - 0x000007fefaf08000 	C:\Windows\system32\DWMAPI.DLL
0x000007fefb2c0000 - 0x000007fefb316000 	C:\Windows\system32\uxtheme.dll
0x000007fefc9d0000 - 0x000007fefca27000 	C:\Windows\system32\apphelp.dll
0x000007fef6b70000 - 0x000007fef6f5b000 	C:\Windows\system32\GOOGLEPINYIN2.IME
0x000007fefcc00000 - 0x000007fefcd6d000 	C:\Windows\system32\CRYPT32.dll
0x000007fefcbd0000 - 0x000007fefcbdf000 	C:\Windows\system32\MSASN1.dll
0x000007fefcd70000 - 0x000007fefcdab000 	C:\Windows\system32\WINTRUST.dll
0x000007fef9d60000 - 0x000007fef9d67000 	C:\Windows\system32\MSIMG32.dll
0x000007fefb0a0000 - 0x000007fefb2b6000 	C:\Windows\WinSxS\amd64_microsoft.windows.gdiplus_6595b64144ccf1df_1.1.7601.18455_none_2b283fd671e9bf4d\gdiplus.dll
0x000007fef6a40000 - 0x000007fef6b65000 	C:\Windows\system32\dbghelp.dll
0x000007fefdba0000 - 0x000007fefdde8000 	C:\Windows\system32\WININET.dll
0x000007fefcee0000 - 0x000007fefcee4000 	C:\Windows\system32\api-ms-win-downlevel-user32-l1-1-0.dll
0x000007fefce20000 - 0x000007fefce24000 	C:\Windows\system32\api-ms-win-downlevel-shlwapi-l1-1-0.dll
0x000007fefcdf0000 - 0x000007fefcdf4000 	C:\Windows\system32\api-ms-win-downlevel-version-l1-1-0.dll
0x000007fefcbf0000 - 0x000007fefcbf3000 	C:\Windows\system32\api-ms-win-downlevel-normaliz-l1-1-0.dll
0x0000000076fe0000 - 0x0000000076fe3000 	C:\Windows\system32\normaliz.DLL
0x000007fefd750000 - 0x000007fefda17000 	C:\Windows\system32\iertutil.dll
0x000007fefce30000 - 0x000007fefce35000 	C:\Windows\system32\api-ms-win-downlevel-advapi32-l1-1-0.dll
0x000007fefceb0000 - 0x000007fefcece000 	C:\Windows\system32\USERENV.dll
0x000007fefca70000 - 0x000007fefca7f000 	C:\Windows\system32\CRYPTBASE.dll
0x000007feed4c0000 - 0x000007feed6bf000 	C:\Windows\system32\d3d9.dll
0x000007fefa640000 - 0x000007fefa647000 	C:\Windows\system32\d3d8thk.dll
0x000007feec360000 - 0x000007feed4b4000 	C:\Windows\system32\nvd3dumx.dll
0x000007fefb730000 - 0x000007fefb75c000 	C:\Windows\system32\powrprof.dll
0x000007fefcf90000 - 0x000007fefd167000 	C:\Windows\system32\SETUPAPI.dll
0x000007fefcdb0000 - 0x000007fefcde6000 	C:\Windows\system32\CFGMGR32.dll
0x000007fefce00000 - 0x000007fefce1a000 	C:\Windows\system32\DEVOBJ.dll
0x000000005d2b0000 - 0x000000005d2f7000 	C:\Program Files\Java\jdk1.8.0_51\jre\bin\fontmanager.dll
0x0000000061a00000 - 0x0000000061a1a000 	C:\Program Files\Java\jdk1.8.0_51\jre\bin\net.dll
0x000007fefc370000 - 0x000007fefc3c5000 	C:\Windows\system32\mswsock.dll
0x000007fefc360000 - 0x000007fefc367000 	C:\Windows\System32\wship6.dll
0x00000000619e0000 - 0x00000000619f1000 	C:\Program Files\Java\jdk1.8.0_51\jre\bin\nio.dll
0x000000005cf60000 - 0x000000005cfa2000 	C:\Program Files\Java\jdk1.8.0_51\jre\bin\t2k.dll
0x000007fefaa30000 - 0x000007fefaa5d000 	C:\Windows\system32\ntmarta.dll
0x000007fefddf0000 - 0x000007fefde42000 	C:\Windows\system32\WLDAP32.dll
0x000007fefd300000 - 0x000007fefd399000 	C:\Windows\system32\CLBCatQ.DLL
0x000007fef5310000 - 0x000007fef54e4000 	C:\Windows\System32\msxml3.dll
0x000007fefc9a0000 - 0x000007fefc9c5000 	C:\Windows\system32\SspiCli.dll
0x000007fefad40000 - 0x000007fefaea1000 	C:\Windows\system32\WindowsCodecs.dll

VM Arguments:
jvm_args: -Djava.security.policy=java.policy.applet -Dfile.encoding=UTF-8 
java_command: sun.applet.AppletViewer TicTacToe1439899596300.html
java_class_path (initial): C:\Users\Administrator\git\javaforkids\ch7
Launcher Type: SUN_STANDARD

Environment Variables:
JAVA_HOME=C:\Program Files\Java\jdk1.8.0_51
CLASSPATH=.;D:\Program Files (x86)\Java\jdk1.8.0_11\lib
PATH=C:/Program Files/Java/jdk1.8.0_51/bin/../jre/bin/server;C:/Program Files/Java/jdk1.8.0_51/bin/../jre/bin;C:/Program Files/Java/jdk1.8.0_51/bin/../jre/lib/amd64;D:\Program Files\gradle-2.2.1\bin;C:\Program Files\Java\jdk1.8.0_51\bin;C:\Windows\system32;C:\Windows;C:\Windows\System32\Wbem;C:\Windows\System32\WindowsPowerShell\v1.0\;C:\Program Files\TortoiseSVN\bin;D:\Program Files\Android\adt-bundle-windows-x86_64-20140702\sdk\platform-tools;D:\Program Files\Android\adt-bundle-windows-x86_64-20140702\eclipse;
USERNAME=Administrator
OS=Windows_NT
PROCESSOR_IDENTIFIER=Intel64 Family 6 Model 60 Stepping 3, GenuineIntel



---------------  S Y S T E M  ---------------

OS: Windows 7 , 64 bit Build 7601 (6.1.7601.18409)

CPU:total 4 (4 cores per cpu, 1 threads per core) family 6 model 60 stepping 3, cmov, cx8, fxsr, mmx, sse, sse2, sse3, ssse3, sse4.1, sse4.2, popcnt, avx, avx2, aes, clmul, erms, lzcnt, tsc, tscinvbit, bmi1, bmi2

Memory: 4k page, physical 16680800k(11081968k free), swap 33359736k(27054868k free)

vm_info: Java HotSpot(TM) 64-Bit Server VM (25.51-b03) for windows-amd64 JRE (1.8.0_51-b16), built on Jun  8 2015 18:03:07 by "java_re" with MS VC++ 10.0 (VS2010)

time: Tue Aug 18 20:06:39 2015
elapsed time: 3 seconds (0d 0h 0m 3s)

